C:\PROJECTS\AI_DIPLOM\AI_DIPLOM\DEBUG\AGENT.OBJ
C:\PROJECTS\AI_DIPLOM\AI_DIPLOM\DEBUG\AI_DIPLOM.EXE.EMBED.MANIFEST
C:\PROJECTS\AI_DIPLOM\AI_DIPLOM\DEBUG\AI_DIPLOM.EXE.EMBED.MANIFEST.RES
C:\Projects\AI_Diplom\AI_Diplom\Debug\AI_Diplom.exe.intermediate.manifest
C:\Projects\AI_Diplom\AI_Diplom\Debug\AI_Diplom.vcxprojResolveAssemblyReference.cache
C:\Projects\AI_Diplom\AI_Diplom\Debug\AI_Diplom.write.1.tlog
C:\Projects\AI_Diplom\AI_Diplom\Debug\AI_Diplom_manifest.rc
C:\Projects\AI_Diplom\AI_Diplom\Debug\cl.command.1.tlog
C:\Projects\AI_Diplom\AI_Diplom\Debug\CL.read.1.tlog
C:\Projects\AI_Diplom\AI_Diplom\Debug\CL.write.1.tlog
C:\PROJECTS\AI_DIPLOM\AI_DIPLOM\DEBUG\ENGINE.OBJ
C:\PROJECTS\AI_DIPLOM\AI_DIPLOM\DEBUG\GAME.OBJ
C:\PROJECTS\AI_DIPLOM\AI_DIPLOM\DEBUG\GAME_FIELD.OBJ
C:\PROJECTS\AI_DIPLOM\AI_DIPLOM\DEBUG\ITEM.OBJ
C:\Projects\AI_Diplom\AI_Diplom\Debug\link.2996.read.1.tlog
C:\Projects\AI_Diplom\AI_Diplom\Debug\link.2996.write.1.tlog
C:\Projects\AI_Diplom\AI_Diplom\Debug\link.2996-cvtres.read.1.tlog
C:\Projects\AI_Diplom\AI_Diplom\Debug\link.2996-cvtres.write.1.tlog
C:\Projects\AI_Diplom\AI_Diplom\Debug\link.command.1.tlog
C:\Projects\AI_Diplom\AI_Diplom\Debug\link.read.1.tlog
C:\Projects\AI_Diplom\AI_Diplom\Debug\link.write.1.tlog
C:\Projects\AI_Diplom\AI_Diplom\Debug\link-cvtres.read.1.tlog
C:\Projects\AI_Diplom\AI_Diplom\Debug\link-cvtres.write.1.tlog
C:\PROJECTS\AI_DIPLOM\AI_DIPLOM\DEBUG\MAIN.OBJ
C:\Projects\AI_Diplom\AI_Diplom\Debug\mt.command.1.tlog
C:\Projects\AI_Diplom\AI_Diplom\Debug\mt.read.1.tlog
C:\Projects\AI_Diplom\AI_Diplom\Debug\mt.write.1.tlog
C:\PROJECTS\AI_DIPLOM\AI_DIPLOM\DEBUG\POINT.OBJ
C:\Projects\AI_Diplom\AI_Diplom\Debug\rc.command.1.tlog
C:\Projects\AI_Diplom\AI_Diplom\Debug\rc.read.1.tlog
C:\Projects\AI_Diplom\AI_Diplom\Debug\rc.write.1.tlog
C:\Projects\AI_Diplom\AI_Diplom\Debug\vc100.idb
C:\PROJECTS\AI_DIPLOM\AI_DIPLOM\DEBUG\VC100.PDB
C:\Projects\AI_Diplom\Debug\AI_Diplom.pdb
