Build started 07.11.2012 20:54:12.
     1>Project "C:\Projects\AI_Diplom\AI_Diplom\AI_Diplom.vcxproj" on node 2 (build target(s)).
     1>InitializeBuildStatus:
         Creating "Debug\AI_Diplom.unsuccessfulbuild" because "AlwaysCreate" was specified.
       ClCompile:
         c:\Program Files\Microsoft Visual Studio 10.0\VC\bin\CL.exe /c /ZI /nologo /W3 /WX- /Od /Oy- /D WIN32 /D _DEBUG /D _CONSOLE /D _UNICODE /D UNICODE /Gm /EHsc /RTC1 /MDd /GS /fp:precise /Zc:wchar_t /Zc:forScope /Fo"Debug\\" /Fd"Debug\vc100.pdb" /Gd /TP /analyze- /errorReport:prompt ai_engine\engine.cpp game\agent.cpp game\game.cpp game\game_field.cpp main.cpp
         agent.cpp
         Generating Code...
         Compiling...
         main.cpp
     1>c:\projects\ai_diplom\ai_diplom\main.cpp(7): warning C4067: unexpected tokens following preprocessor directive - expected a newline
     1>c:\projects\ai_diplom\ai_diplom\game\item.h(1): warning C4067: unexpected tokens following preprocessor directive - expected a newline
         game_field.cpp
     1>c:\projects\ai_diplom\ai_diplom\game\item.h(1): warning C4067: unexpected tokens following preprocessor directive - expected a newline
         game.cpp
     1>c:\projects\ai_diplom\ai_diplom\game\item.h(1): warning C4067: unexpected tokens following preprocessor directive - expected a newline
     1>c:\projects\ai_diplom\ai_diplom\game\game.cpp(17): warning C4244: 'argument' : conversion from 'const int' to 'float', possible loss of data
         Generating Code...
         Skipping... (no relevant changes detected)
         engine.cpp
       ManifestResourceCompile:
         All outputs are up-to-date.
       Link:
         c:\Program Files\Microsoft Visual Studio 10.0\VC\bin\link.exe /ERRORREPORT:PROMPT /OUT:"C:\Projects\AI_Diplom\Debug\AI_Diplom.exe" /INCREMENTAL /NOLOGO libs/glut32.lib kernel32.lib user32.lib gdi32.lib winspool.lib comdlg32.lib advapi32.lib shell32.lib ole32.lib oleaut32.lib uuid.lib odbc32.lib odbccp32.lib /MANIFEST /ManifestFile:"Debug\AI_Diplom.exe.intermediate.manifest" /MANIFESTUAC:"level='asInvoker' uiAccess='false'" /DEBUG /PDB:"C:\Projects\AI_Diplom\Debug\AI_Diplom.pdb" /SUBSYSTEM:CONSOLE /TLBID:1 /DYNAMICBASE /NXCOMPAT /IMPLIB:"C:\Projects\AI_Diplom\Debug\AI_Diplom.lib" /MACHINE:X86 Debug\AI_Diplom.exe.embed.manifest.res
         Debug\engine.obj
         Debug\agent.obj
         Debug\game.obj
         Debug\game_field.obj
         Debug\point.obj
         Debug\item.obj
         Debug\main.obj
       Manifest:
         C:\Program Files\Microsoft SDKs\Windows\v7.0A\bin\mt.exe /nologo /verbose /out:"Debug\AI_Diplom.exe.embed.manifest" /manifest Debug\AI_Diplom.exe.intermediate.manifest
         All outputs are up-to-date.
       LinkEmbedManifest:
         All outputs are up-to-date.
         AI_Diplom.vcxproj -> C:\Projects\AI_Diplom\Debug\AI_Diplom.exe
       FinalizeBuildStatus:
         Deleting file "Debug\AI_Diplom.unsuccessfulbuild".
         Touching "Debug\AI_Diplom.lastbuildstate".
     1>Done Building Project "C:\Projects\AI_Diplom\AI_Diplom\AI_Diplom.vcxproj" (build target(s)).

Build succeeded.

Time Elapsed 00:00:03.24
